<?xml version="1.0" encoding="UTF-8"?>
<testng-results ignored="0" total="1" passed="1" failed="0" skipped="0">
  <reporter-output>
  </reporter-output>
  <suite started-at="2024-03-23T08:30:41 CET" name="Suite" finished-at="2024-03-23T08:30:48 CET" duration-ms="6713">
    <groups>
    </groups>
    <test started-at="2024-03-23T08:30:41 CET" name="Test" finished-at="2024-03-23T08:30:48 CET" duration-ms="6713">
      <class name="tests.simplePost">
        <test-method is-config="true" signature="setupData()[pri:0, instance:tests.simplePost@50a638b5]" started-at="2024-03-23T08:30:41 CET" name="setupData" finished-at="2024-03-23T08:30:43 CET" duration-ms="1381" status="PASS">
          <reporter-output>
          </reporter-output>
        </test-method> <!-- setupData -->
        <test-method signature="postUser()[pri:0, instance:tests.simplePost@50a638b5]" started-at="2024-03-23T08:30:43 CET" name="postUser" finished-at="2024-03-23T08:30:48 CET" duration-ms="5270" status="PASS">
          <reporter-output>
          </reporter-output>
        </test-method> <!-- postUser -->
      </class> <!-- tests.simplePost -->
    </test> <!-- Test -->
  </suite> <!-- Suite -->
</testng-results>
